src/app/api/procurement/[id]/route.ts(69,5): error TS1135: Argument expression expected.
src/app/api/procurement/[id]/route.ts(69,6): error TS1472: 'catch' or 'finally' expected.
src/app/api/procurement/[id]/route.ts(79,3): error TS1005: 'try' expected.
src/app/api/procurement/[id]/route.ts(86,1): error TS1128: Declaration or statement expected.
