src/app/api/admin/approval-rules/[id]/route.ts(11,31): error TS2339: Property 'approvalRule' does not exist on type 'PrismaClient<PrismaClientOptions, LogLevel, DefaultArgs>'.
src/app/api/admin/approval-rules/[id]/route.ts(33,38): error TS2339: Property 'approvalRule' does not exist on type 'PrismaClient<PrismaClientOptions, LogLevel, DefaultArgs>'.
src/app/api/admin/approval-rules/[id]/route.ts(48,20): error TS2339: Property 'approvalApprover' does not exist on type 'PrismaClient<PrismaClientOptions, LogLevel, DefaultArgs>'.
src/app/api/admin/approval-rules/[id]/route.ts(50,22): error TS2339: Property 'approvalApprover' does not exist on type 'PrismaClient<PrismaClientOptions, LogLevel, DefaultArgs>'.
src/app/api/admin/approval-rules/[id]/route.ts(63,31): error TS2339: Property 'approvalRule' does not exist on type 'PrismaClient<PrismaClientOptions, LogLevel, DefaultArgs>'.
src/app/api/admin/approval-rules/[id]/route.ts(77,18): error TS2339: Property 'approvalRule' does not exist on type 'PrismaClient<PrismaClientOptions, LogLevel, DefaultArgs>'.
src/app/api/admin/modification-requests/[id]/reject/route.ts(29,37): error TS2353: Object literal may only specify known properties, and 'processedBy' does not exist in type '(Without<ModificationRequestUpdateInput, ModificationRequestUncheckedUpdateInput> & ModificationRequestUncheckedUpdateInput) | (Without<...> & ModificationRequestUpdateInput)'.
src/app/api/admin/modification-requests/[id]/reject/route.ts(31,14): error TS2339: Property 'modificationApprovalHistory' does not exist on type 'PrismaClient<PrismaClientOptions, LogLevel, DefaultArgs>'.
src/app/api/admin/modification-requests/route.ts(34,20): error TS2353: Object literal may only specify known properties, and 'requestedAt' does not exist in type 'ModificationRequestOrderByWithRelationInput | ModificationRequestOrderByWithRelationInput[]'.
src/app/api/admin/modification-requests/route.ts(49,11): error TS2353: Object literal may only specify known properties, and 'approvals' does not exist in type 'ModificationRequestInclude<DefaultArgs>'.
src/app/api/admin/workflow/award/route.ts(36,29): error TS2339: Property 'awardWorkflow' does not exist on type 'PrismaClient<PrismaClientOptions, LogLevel, DefaultArgs>'.
src/app/api/admin/workflow/award/route.ts(68,33): error TS2339: Property 'awardWorkflow' does not exist on type 'PrismaClient<PrismaClientOptions, LogLevel, DefaultArgs>'.
src/app/api/procurement/[id]/route.ts(69,13): error TS2353: Object literal may only specify known properties, and 'questions' does not exist in type 'ScopeOfWorkDeliverableInclude<DefaultArgs>'.
src/app/api/procurement/add-deliverable/route.ts(12,9): error TS2353: Object literal may only specify known properties, and 'title' does not exist in type '(Without<ScopeOfWorkDeliverableCreateInput, ScopeOfWorkDeliverableUncheckedCreateInput> & ScopeOfWorkDeliverableUncheckedCreateInput) | (Without<...> & ScopeOfWorkDeliverableCreateInput)'.
src/app/api/procurement/evaluation-criteria/route.ts(35,18): error TS2339: Property 'evaluationItem' does not exist on type 'PrismaClient<PrismaClientOptions, LogLevel, DefaultArgs>'.
src/app/api/procurement/evaluation-criteria/route.ts(48,11): error TS2353: Object literal may only specify known properties, and 'weightPercentage' does not exist in type '(Without<EvaluationSectionCreateInput, EvaluationSectionUncheckedCreateInput> & EvaluationSectionUncheckedCreateInput) | (Without<...> & EvaluationSectionCreateInput)'.
src/app/api/procurement/evaluation-criteria/route.ts(57,44): error TS2339: Property 'evaluationItem' does not exist on type 'PrismaClient<PrismaClientOptions, LogLevel, DefaultArgs>'.
src/app/api/procurement/evaluation-criteria/route.ts(68,28): error TS2339: Property 'evaluationItem' does not exist on type 'PrismaClient<PrismaClientOptions, LogLevel, DefaultArgs>'.
src/app/api/questions/route.ts(11,7): error TS2353: Object literal may only specify known properties, and 'quantity' does not exist in type '(Without<QuestionCreateInput, QuestionUncheckedCreateInput> & QuestionUncheckedCreateInput) | (Without<...> & QuestionCreateInput)'.
src/app/api/questions/route.ts(29,7): error TS2353: Object literal may only specify known properties, and 'quantity' does not exist in type '(Without<QuestionUpdateInput, QuestionUncheckedUpdateInput> & QuestionUncheckedUpdateInput) | (Without<...> & QuestionUpdateInput)'.
src/app/api/rfp-questions/route.ts(10,16): error TS2353: Object literal may only specify known properties, and 'deliverableId' does not exist in type 'QuestionWhereInput'.
src/app/api/rfp-questions/route.ts(20,13): error TS2353: Object literal may only specify known properties, and 'quantity' does not exist in type '(Without<QuestionCreateInput, QuestionUncheckedCreateInput> & QuestionUncheckedCreateInput) | (Without<...> & QuestionCreateInput)'.
src/app/api/rfp-questions/route.ts(40,17): error TS2353: Object literal may only specify known properties, and 'quantity' does not exist in type '(Without<QuestionCreateInput, QuestionUncheckedCreateInput> & QuestionUncheckedCreateInput) | (Without<...> & QuestionCreateInput)'.
src/app/api/rfp-questions/route.ts(58,19): error TS2353: Object literal may only specify known properties, and 'quantity' does not exist in type '(Without<QuestionCreateInput, QuestionUncheckedCreateInput> & QuestionUncheckedCreateInput) | (Without<...> & QuestionCreateInput)'.
src/app/api/rfp-questions/route.ts(77,15): error TS2353: Object literal may only specify known properties, and 'quantity' does not exist in type '(Without<QuestionCreateInput, QuestionUncheckedCreateInput> & QuestionUncheckedCreateInput) | (Without<...> & QuestionCreateInput)'.
src/app/api/rfp-questions/route.ts(108,14): error TS2353: Object literal may only specify known properties, and 'deliverableId' does not exist in type 'QuestionWhereInput'.
src/app/api/rfp-questions/route.ts(110,7): error TS2353: Object literal may only specify known properties, and 'subQuestions' does not exist in type 'QuestionInclude<DefaultArgs>'.
src/app/api/rfp-questions/route.ts(116,16): error TS2353: Object literal may only specify known properties, and 'createdAt' does not exist in type 'QuestionOrderByWithRelationInput | QuestionOrderByWithRelationInput[]'.
