src/app/api/admin/approval-rules/[id]/route.ts(11,31): error TS2339: Property 'approvalRule' does not exist on type 'PrismaClient<PrismaClientOptions, LogLevel, DefaultArgs>'.
src/app/api/admin/approval-rules/[id]/route.ts(33,38): error TS2339: Property 'approvalRule' does not exist on type 'PrismaClient<PrismaClientOptions, LogLevel, DefaultArgs>'.
src/app/api/admin/approval-rules/[id]/route.ts(48,20): error TS2339: Property 'approvalApprover' does not exist on type 'PrismaClient<PrismaClientOptions, LogLevel, DefaultArgs>'.
src/app/api/admin/approval-rules/[id]/route.ts(50,22): error TS2339: Property 'approvalApprover' does not exist on type 'PrismaClient<PrismaClientOptions, LogLevel, DefaultArgs>'.
src/app/api/admin/approval-rules/[id]/route.ts(63,31): error TS2339: Property 'approvalRule' does not exist on type 'PrismaClient<PrismaClientOptions, LogLevel, DefaultArgs>'.
src/app/api/admin/approval-rules/[id]/route.ts(77,18): error TS2339: Property 'approvalRule' does not exist on type 'PrismaClient<PrismaClientOptions, LogLevel, DefaultArgs>'.
src/app/api/admin/approval-rules/route.ts(7,32): error TS2339: Property 'approvalRule' does not exist on type 'PrismaClient<PrismaClientOptions, LogLevel, DefaultArgs>'.
src/app/api/admin/approval-rules/route.ts(31,34): error TS2339: Property 'approvalRule' does not exist on type 'PrismaClient<PrismaClientOptions, LogLevel, DefaultArgs>'.
src/app/api/admin/modification-requests/[id]/approve/route.ts(63,24): error TS2551: Property 'brfqId' does not exist on type '{ brfq: { id: string; title: string; status: string; createdAt: Date; updatedAt: Date; suppliers: string[]; currency: string; incoterms: string; carrier: string; urgency: string; closeDate: Date; ... 25 more ...; published: boolean; }; } & { ...; }'. Did you mean 'rfqId'?
src/app/api/admin/modification-requests/[id]/approve/route.ts(64,26): error TS2339: Property 'summary' does not exist on type '{ brfq: { id: string; title: string; status: string; createdAt: Date; updatedAt: Date; suppliers: string[]; currency: string; incoterms: string; carrier: string; urgency: string; closeDate: Date; ... 25 more ...; published: boolean; }; } & { ...; }'.
src/app/api/admin/modification-requests/[id]/approve/route.ts(144,11): error TS2353: Object literal may only specify known properties, and 'processedBy' does not exist in type '(Without<ModificationRequestUpdateInput, ModificationRequestUncheckedUpdateInput> & ModificationRequestUncheckedUpdateInput) | (Without<...> & ModificationRequestUpdateInput)'.
src/app/api/admin/modification-requests/[id]/approve/route.ts(152,14): error TS2339: Property 'modificationApprovalHistory' does not exist on type 'PrismaClient<PrismaClientOptions, LogLevel, DefaultArgs>'.
src/app/api/admin/modification-requests/[id]/reject/route.ts(29,37): error TS2353: Object literal may only specify known properties, and 'processedBy' does not exist in type '(Without<ModificationRequestUpdateInput, ModificationRequestUncheckedUpdateInput> & ModificationRequestUncheckedUpdateInput) | (Without<...> & ModificationRequestUpdateInput)'.
src/app/api/admin/modification-requests/[id]/reject/route.ts(31,14): error TS2339: Property 'modificationApprovalHistory' does not exist on type 'PrismaClient<PrismaClientOptions, LogLevel, DefaultArgs>'.
src/app/api/admin/modification-requests/route.ts(34,20): error TS2353: Object literal may only specify known properties, and 'requestedAt' does not exist in type 'ModificationRequestOrderByWithRelationInput | ModificationRequestOrderByWithRelationInput[]'.
src/app/api/admin/modification-requests/route.ts(49,11): error TS2353: Object literal may only specify known properties, and 'approvals' does not exist in type 'ModificationRequestInclude<DefaultArgs>'.
src/app/api/admin/modification-rules/route.ts(8,30): error TS2551: Property 'modificationRules' does not exist on type 'PrismaClient<PrismaClientOptions, LogLevel, DefaultArgs>'. Did you mean 'modificationRequest'?
src/app/api/admin/modification-rules/route.ts(47,36): error TS2551: Property 'modificationRules' does not exist on type 'PrismaClient<PrismaClientOptions, LogLevel, DefaultArgs>'. Did you mean 'modificationRequest'?
src/app/api/admin/modification-rules/route.ts(55,35): error TS2551: Property 'modificationRules' does not exist on type 'PrismaClient<PrismaClientOptions, LogLevel, DefaultArgs>'. Did you mean 'modificationRequest'?
src/app/api/admin/modification-rules/route.ts(57,36): error TS2551: Property 'modificationRules' does not exist on type 'PrismaClient<PrismaClientOptions, LogLevel, DefaultArgs>'. Did you mean 'modificationRequest'?
src/app/api/admin/modification-rules/route.ts(64,34): error TS2551: Property 'modificationRules' does not exist on type 'PrismaClient<PrismaClientOptions, LogLevel, DefaultArgs>'. Did you mean 'modificationRequest'?
src/app/api/admin/pause-reasons/[id]/pause/route.ts(54,30): error TS2339: Property 'adminPauseConfig' does not exist on type 'PrismaClient<PrismaClientOptions, LogLevel, DefaultArgs>'.
src/app/api/admin/pause-reasons/[id]/pause/route.ts(63,11): error TS2561: Object literal may only specify known properties, but 'reasonId' does not exist in type '(Without<PauseRequestCreateInput, PauseRequestUncheckedCreateInput> & PauseRequestUncheckedCreateInput) | (Without<...> & PauseRequestCreateInput)'. Did you mean to write 'reason'?
src/app/api/admin/pause-reasons/[id]/pause/route.ts(75,11): error TS2561: Object literal may only specify known properties, but 'reasonId' does not exist in type '(Without<PauseActionCreateInput, PauseActionUncheckedCreateInput> & PauseActionUncheckedCreateInput) | (Without<...> & PauseActionCreateInput)'. Did you mean to write 'reason'?
src/app/api/admin/pause-reasons/[id]/pause/route.ts(100,11): error TS2561: Object literal may only specify known properties, but 'reasonId' does not exist in type '(Without<PauseActionCreateInput, PauseActionUncheckedCreateInput> & PauseActionUncheckedCreateInput) | (Without<...> & PauseActionCreateInput)'. Did you mean to write 'reason'?
src/app/api/admin/pause-reasons/[id]/resume/route.ts(69,11): error TS2353: Object literal may only specify known properties, and 'notifySuppliers' does not exist in type '(Without<PauseActionCreateInput, PauseActionUncheckedCreateInput> & PauseActionUncheckedCreateInput) | (Without<...> & PauseActionCreateInput)'.
src/app/api/admin/pause-reasons/[id]/resume/route.ts(98,30): error TS2339: Property 'adminPauseConfig' does not exist on type 'PrismaClient<PrismaClientOptions, LogLevel, DefaultArgs>'.
src/app/api/admin/pause-reasons/[id]/route.ts(20,34): error TS2339: Property 'pauseReason' does not exist on type 'PrismaClient<PrismaClientOptions, LogLevel, DefaultArgs>'.
src/app/api/admin/pause-reasons/[id]/route.ts(39,18): error TS2339: Property 'pauseReason' does not exist on type 'PrismaClient<PrismaClientOptions, LogLevel, DefaultArgs>'.
src/app/api/admin/pause-reasons/route.ts(7,34): error TS2339: Property 'pauseReason' does not exist on type 'PrismaClient<PrismaClientOptions, LogLevel, DefaultArgs>'.
src/app/api/admin/pause-reasons/route.ts(20,34): error TS2339: Property 'pauseReason' does not exist on type 'PrismaClient<PrismaClientOptions, LogLevel, DefaultArgs>'.
src/app/api/admin/workflow/award/route.ts(36,29): error TS2339: Property 'awardWorkflow' does not exist on type 'PrismaClient<PrismaClientOptions, LogLevel, DefaultArgs>'.
src/app/api/admin/workflow/award/route.ts(68,33): error TS2339: Property 'awardWorkflow' does not exist on type 'PrismaClient<PrismaClientOptions, LogLevel, DefaultArgs>'.
src/app/api/awards/[id]/approve/route.ts(40,15): error TS2339: Property 'status' does not exist on type '{ id: string; supplierId: string; rfqId: string; comments: string; awardedAt: Date; }'.
src/app/api/awards/[id]/approve/route.ts(48,18): error TS2339: Property 'awardWinner' does not exist on type 'PrismaClient<PrismaClientOptions, LogLevel, DefaultArgs>'.
src/app/api/awards/[id]/approve/route.ts(59,9): error TS2353: Object literal may only specify known properties, and 'status' does not exist in type '(Without<AwardUpdateInput, AwardUncheckedUpdateInput> & AwardUncheckedUpdateInput) | (Without<...> & AwardUpdateInput)'.
src/app/api/awards/[id]/approve/route.ts(66,15): error TS2551: Property 'brfqId' does not exist on type '{ id: string; supplierId: string; rfqId: string; comments: string; awardedAt: Date; }'. Did you mean 'rfqId'?
src/app/api/awards/[id]/approve/route.ts(68,28): error TS2551: Property 'brfqId' does not exist on type '{ id: string; supplierId: string; rfqId: string; comments: string; awardedAt: Date; }'. Did you mean 'rfqId'?
src/app/api/awards/[id]/approve/route.ts(74,18): error TS2339: Property 'awardApprovalHistory' does not exist on type 'PrismaClient<PrismaClientOptions, LogLevel, DefaultArgs>'.
src/app/api/awards/brfq/[brfqId]/route.ts(19,16): error TS2561: Object literal may only specify known properties, but 'brfqId' does not exist in type 'AwardWhereInput'. Did you mean to write 'rfqId'?
src/app/api/awards/brfq/[brfqId]/route.ts(20,18): error TS2353: Object literal may only specify known properties, and 'winners' does not exist in type 'AwardInclude<DefaultArgs>'.
src/app/api/awards/initiate/route.ts(94,29): error TS2339: Property 'awardWorkflow' does not exist on type 'PrismaClient<PrismaClientOptions, LogLevel, DefaultArgs>'.
src/app/api/awards/initiate/route.ts(111,9): error TS2561: Object literal may only specify known properties, but 'brfqId' does not exist in type '(Without<AwardCreateInput, AwardUncheckedCreateInput> & AwardUncheckedCreateInput) | (Without<...> & AwardCreateInput)'. Did you mean to write 'rfqId'?
src/app/api/awards/initiate/route.ts(127,18): error TS2339: Property 'awardWinner' does not exist on type 'PrismaClient<PrismaClientOptions, LogLevel, DefaultArgs>'.
src/app/api/awards/initiate/route.ts(140,20): error TS2339: Property 'awardApprovalHistory' does not exist on type 'PrismaClient<PrismaClientOptions, LogLevel, DefaultArgs>'.
src/app/api/awards/initiate/route.ts(171,18): error TS2339: Property 'awardApprovalHistory' does not exist on type 'PrismaClient<PrismaClientOptions, LogLevel, DefaultArgs>'.
src/app/api/brfq/[id]/modification-request/route.ts(43,9): error TS2561: Object literal may only specify known properties, but 'brfqId' does not exist in type '(Without<ModificationRequestCreateInput, ModificationRequestUncheckedCreateInput> & ModificationRequestUncheckedCreateInput) | (Without<...> & ModificationRequestCreateInput)'. Did you mean to write 'rfqId'?
src/app/api/procurement/[id]/route.ts(69,13): error TS2353: Object literal may only specify known properties, and 'questions' does not exist in type 'ScopeOfWorkDeliverableInclude<DefaultArgs>'.
src/app/api/procurement/add-deliverable/route.ts(12,9): error TS2353: Object literal may only specify known properties, and 'title' does not exist in type '(Without<ScopeOfWorkDeliverableCreateInput, ScopeOfWorkDeliverableUncheckedCreateInput> & ScopeOfWorkDeliverableUncheckedCreateInput) | (Without<...> & ScopeOfWorkDeliverableCreateInput)'.
src/app/api/procurement/evaluation-criteria/[id]/route.ts(24,13): error TS2353: Object literal may only specify known properties, and 'questions' does not exist in type 'ScopeOfWorkDeliverableInclude<DefaultArgs>'.
src/app/api/procurement/evaluation-criteria/[id]/route.ts(63,9): error TS2353: Object literal may only specify known properties, and 'items' does not exist in type 'EvaluationSectionInclude<DefaultArgs>'.
src/app/api/procurement/evaluation-criteria/[id]/route.ts(70,30): error TS2339: Property 'scopeOfWork' does not exist on type '{ id: string; title: string; description: string; sowSummary: string; deliverables: JsonValue; terms: JsonValue; attachments: JsonValue; requestType: string; ... 8 more ...; updatedAt: Date; }'.
src/app/api/procurement/evaluation-criteria/[id]/route.ts(80,42): error TS2339: Property 'items' does not exist on type '{ id: string; title: string; procurementRequestId: string; weight: number; }'.
src/app/api/procurement/evaluation-criteria/[id]/route.ts(95,55): error TS2339: Property 'weightPercentage' does not exist on type '{ id: string; title: string; procurementRequestId: string; weight: number; }'.
src/app/api/procurement/evaluation-criteria/[id]/route.ts(97,27): error TS2339: Property 'useLineLevelWeighting' does not exist on type '{ id: string; title: string; procurementRequestId: string; weight: number; }'.
src/app/api/procurement/evaluation-criteria/[id]/route.ts(103,30): error TS2339: Property 'scopeOfWork' does not exist on type '{ id: string; title: string; description: string; sowSummary: string; deliverables: JsonValue; terms: JsonValue; attachments: JsonValue; requestType: string; ... 8 more ...; updatedAt: Date; }'.
src/app/api/procurement/evaluation-criteria/route.ts(35,18): error TS2339: Property 'evaluationItem' does not exist on type 'PrismaClient<PrismaClientOptions, LogLevel, DefaultArgs>'.
src/app/api/procurement/evaluation-criteria/route.ts(48,11): error TS2353: Object literal may only specify known properties, and 'weightPercentage' does not exist in type '(Without<EvaluationSectionCreateInput, EvaluationSectionUncheckedCreateInput> & EvaluationSectionUncheckedCreateInput) | (Without<...> & EvaluationSectionCreateInput)'.
src/app/api/procurement/evaluation-criteria/route.ts(57,44): error TS2339: Property 'evaluationItem' does not exist on type 'PrismaClient<PrismaClientOptions, LogLevel, DefaultArgs>'.
src/app/api/procurement/evaluation-criteria/route.ts(68,28): error TS2339: Property 'evaluationItem' does not exist on type 'PrismaClient<PrismaClientOptions, LogLevel, DefaultArgs>'.
src/app/api/questions/route.ts(11,7): error TS2353: Object literal may only specify known properties, and 'quantity' does not exist in type '(Without<QuestionCreateInput, QuestionUncheckedCreateInput> & QuestionUncheckedCreateInput) | (Without<...> & QuestionCreateInput)'.
src/app/api/questions/route.ts(29,7): error TS2353: Object literal may only specify known properties, and 'quantity' does not exist in type '(Without<QuestionUpdateInput, QuestionUncheckedUpdateInput> & QuestionUncheckedUpdateInput) | (Without<...> & QuestionUpdateInput)'.
src/app/api/rfp-questions/route.ts(10,16): error TS2353: Object literal may only specify known properties, and 'deliverableId' does not exist in type 'QuestionWhereInput'.
src/app/api/rfp-questions/route.ts(20,13): error TS2353: Object literal may only specify known properties, and 'quantity' does not exist in type '(Without<QuestionCreateInput, QuestionUncheckedCreateInput> & QuestionUncheckedCreateInput) | (Without<...> & QuestionCreateInput)'.
src/app/api/rfp-questions/route.ts(40,17): error TS2353: Object literal may only specify known properties, and 'quantity' does not exist in type '(Without<QuestionCreateInput, QuestionUncheckedCreateInput> & QuestionUncheckedCreateInput) | (Without<...> & QuestionCreateInput)'.
src/app/api/rfp-questions/route.ts(58,19): error TS2353: Object literal may only specify known properties, and 'quantity' does not exist in type '(Without<QuestionCreateInput, QuestionUncheckedCreateInput> & QuestionUncheckedCreateInput) | (Without<...> & QuestionCreateInput)'.
src/app/api/rfp-questions/route.ts(77,15): error TS2353: Object literal may only specify known properties, and 'quantity' does not exist in type '(Without<QuestionCreateInput, QuestionUncheckedCreateInput> & QuestionUncheckedCreateInput) | (Without<...> & QuestionCreateInput)'.
src/app/api/rfp-questions/route.ts(108,14): error TS2353: Object literal may only specify known properties, and 'deliverableId' does not exist in type 'QuestionWhereInput'.
src/app/api/rfp-questions/route.ts(110,7): error TS2353: Object literal may only specify known properties, and 'subQuestions' does not exist in type 'QuestionInclude<DefaultArgs>'.
src/app/api/rfp-questions/route.ts(116,16): error TS2353: Object literal may only specify known properties, and 'createdAt' does not exist in type 'QuestionOrderByWithRelationInput | QuestionOrderByWithRelationInput[]'.
src/app/api/supplier/dashboard/route.ts(63,17): error TS1117: An object literal cannot have multiple properties with the same name.
src/app/api/supplier/dashboard/route.ts(64,17): error TS1117: An object literal cannot have multiple properties with the same name.
src/app/api/supplier/dashboard/route.ts(65,17): error TS1117: An object literal cannot have multiple properties with the same name.
src/app/api/suppliers/quote/route.ts(124,11): error TS2322: Type '{ supplierPartNo: any; deliveryDays: any; unitPrice: string; qty: any; uom: any; cost: number; }[]' is not assignable to type '(Without<QuoteItemCreateWithoutQuoteInput, QuoteItemUncheckedCreateWithoutQuoteInput> & QuoteItemUncheckedCreateWithoutQuoteInput) | (Without<...> & QuoteItemCreateWithoutQuoteInput) | QuoteItemCreateWithoutQuoteInput[] | QuoteItemUncheckedCreateWithoutQuoteInput[]'.
  Type '{ supplierPartNo: any; deliveryDays: any; unitPrice: string; qty: any; uom: any; cost: number; }[]' is not assignable to type 'QuoteItemCreateWithoutQuoteInput[]'.
    Type '{ supplierPartNo: any; deliveryDays: any; unitPrice: string; qty: any; uom: any; cost: number; }' is not assignable to type 'QuoteItemCreateWithoutQuoteInput'.
      Types of property 'unitPrice' are incompatible.
        Type 'string' is not assignable to type 'number'.
